<?xml version="1.0" encoding="UTF-8"?>
<testsuite xmlns:xsi="http://www.w3.org/2001/XMLSchema-instance" xsi:noNamespaceSchemaLocation="https://maven.apache.org/surefire/maven-surefire-plugin/xsd/surefire-test-report.xsd" version="3.0.2" name="com.resumeai.resume_backend.ResumeBackendApplicationTests" time="1.752" tests="1" errors="0" skipped="0" failures="0">
  <properties>
[...]
</properties>
  <testcase name="contextLoads" classname="com.resumeai.resume_backend.ResumeBackendApplicationTests" time="0.345">
    <system-out><![CDATA[22:03:09.938 [main] INFO org.springframework.test.context.support.AnnotationConfigContextLoaderUtils -- Could not detect default configuration classes for test class [com.resumeai.resume_backend.ResumeBackendApplicationTests]: ResumeBackendApplicationTests does not declare any static, non-private, non-final, nested classes annotated with @Configuration.
22:03:09.988 [main] INFO org.springframework.boot.test.context.SpringBootTestContextBootstrapper -- Found @SpringBootConfiguration com.resumeai.resume_backend.ResumeBackendApplication for test class com.resumeai.resume_backend.ResumeBackendApplicationTests

  .   ____          _            __ _ _
 /\\ / ___'_ __ _ _(_)_ __  __ _ \ \ \ \
( ( )\___ | '_ | '_| | '_ \/ _` | \ \ \ \
 \\/  ___)| |_)| | | | | || (_| |  ) ) ) )
  '  |____| .__|_| |_|_| |_\__, | / / / /
 =========|_|==============|___/=/_/_/_/

 :: Spring Boot ::                (v3.4.4)

2025-04-23T22:03:10.149-04:00  INFO 50087 --- [resume-backend] [           main] c.r.r.ResumeBackendApplicationTests      : Starting ResumeBackendApplicationTests using Java 21.0.1 with PID 50087 (started by swaroopaneravati in /Users/swaroopaneravati/Documents/Resume AI Project/resume-backend)
2025-04-23T22:03:10.150-04:00  INFO 50087 --- [resume-backend] [           main] c.r.r.ResumeBackendApplicationTests      : No active profile set, falling back to 1 default profile: "default"
2025-04-23T22:03:10.421-04:00  INFO 50087 --- [resume-backend] [           main] .s.d.r.c.RepositoryConfigurationDelegate : Bootstrapping Spring Data JPA repositories in DEFAULT mode.
2025-04-23T22:03:10.431-04:00  INFO 50087 --- [resume-backend] [           main] .s.d.r.c.RepositoryConfigurationDelegate : Finished Spring Data repository scanning in 5 ms. Found 0 JPA repository interfaces.
2025-04-23T22:03:10.582-04:00  INFO 50087 --- [resume-backend] [           main] o.hibernate.jpa.internal.util.LogHelper  : HHH000204: Processing PersistenceUnitInfo [name: default]
2025-04-23T22:03:10.611-04:00  INFO 50087 --- [resume-backend] [           main] org.hibernate.Version                    : HHH000412: Hibernate ORM core version 6.6.11.Final
2025-04-23T22:03:10.625-04:00  INFO 50087 --- [resume-backend] [           main] o.h.c.internal.RegionFactoryInitiator    : HHH000026: Second-level cache disabled
2025-04-23T22:03:10.758-04:00  INFO 50087 --- [resume-backend] [           main] o.s.o.j.p.SpringPersistenceUnitInfo      : No LoadTimeWeaver setup: ignoring JPA class transformer
2025-04-23T22:03:10.771-04:00  INFO 50087 --- [resume-backend] [           main] com.zaxxer.hikari.HikariDataSource       : HikariPool-1 - Starting...
2025-04-23T22:03:10.824-04:00  INFO 50087 --- [resume-backend] [           main] com.zaxxer.hikari.pool.HikariPool        : HikariPool-1 - Added connection org.postgresql.jdbc.PgConnection@177ede17
2025-04-23T22:03:10.824-04:00  INFO 50087 --- [resume-backend] [           main] com.zaxxer.hikari.HikariDataSource       : HikariPool-1 - Start completed.
2025-04-23T22:03:10.866-04:00  INFO 50087 --- [resume-backend] [           main] org.hibernate.orm.connections.pooling    : HHH10001005: Database info:
	Database JDBC URL [Connecting through datasource 'HikariDataSource (HikariPool-1)']
	Database driver: undefined/unknown
	Database version: 14.17
	Autocommit mode: undefined/unknown
	Isolation level: undefined/unknown
	Minimum pool size: undefined/unknown
	Maximum pool size: undefined/unknown
2025-04-23T22:03:11.017-04:00  INFO 50087 --- [resume-backend] [           main] o.h.e.t.j.p.i.JtaPlatformInitiator       : HHH000489: No JTA platform available (set 'hibernate.transaction.jta.platform' to enable JTA platform integration)
2025-04-23T22:03:11.019-04:00  INFO 50087 --- [resume-backend] [           main] j.LocalContainerEntityManagerFactoryBean : Initialized JPA EntityManagerFactory for persistence unit 'default'
2025-04-23T22:03:11.086-04:00  WARN 50087 --- [resume-backend] [           main] JpaBaseConfiguration$JpaWebConfiguration : spring.jpa.open-in-view is enabled by default. Therefore, database queries may be performed during view rendering. Explicitly configure spring.jpa.open-in-view to disable this warning
2025-04-23T22:03:11.270-04:00  INFO 50087 --- [resume-backend] [           main] c.r.r.ResumeBackendApplicationTests      : Started ResumeBackendApplicationTests in 1.226 seconds (process running for 1.619)
]]></system-out>
    <system-err><![CDATA[Mockito is currently self-attaching to enable the inline-mock-maker. This will no longer work in future releases of the JDK. Please add Mockito as an agent to your build what is described in Mockito's documentation: https://javadoc.io/doc/org.mockito/mockito-core/latest/org/mockito/Mockito.html#0.3
WARNING: A Java agent has been loaded dynamically (/Users/swaroopaneravati/.m2/repository/net/bytebuddy/byte-buddy-agent/1.15.11/byte-buddy-agent-1.15.11.jar)
WARNING: If a serviceability tool is in use, please run with -XX:+EnableDynamicAgentLoading to hide this warning
WARNING: If a serviceability tool is not in use, please run with -Djdk.instrument.traceUsage for more information
WARNING: Dynamic loading of agents will be disallowed by default in a future release
]]></system-err>
  </testcase>
</testsuite>